1 1000 179
1000 2000 182
2000 3000 217
3000 4000 238
4000 5000 215
5000 6000 236
6000 7000 262
7000 8000 252
8000 9000 247
9000 10000 260
10000 11000 268
11000 12000 250
12000 13000 263
13000 14000 276
14000 15000 271
15000 16000 271
16000 17000 266
17000 18000 279
18000 19000 261
19000 20000 274
20000 21000 256
21000 22000 269
22000 23000 269
23000 24000 282
24000 25000 264
25000 26000 264
26000 27000 308
27000 28000 259
28000 29000 259
29000 30000 272
30000 31000 272
31000 32000 285
32000 33000 267
33000 34000 267
34000 35000 311
35000 36000 324
36000 37000 249
37000 38000 306
38000 39000 244
39000 40000 306
40000 41000 288
41000 42000 257
42000 43000 288
43000 44000 270
44000 45000 270
45000 46000 314
46000 47000 283
47000 48000 314
48000 49000 296
49000 50000 296
50000 51000 278
102000 104000 310
104000 106000 341
106000 108000 354
108000 110000 310
110000 112000 323
112000 114000 323
114000 116000 349
116000 118000 305
118000 120000 336
120000 122000 336
122000 124000 331
124000 126000 318
126000 128000 331
128000 130000 344
130000 132000 331
132000 134000 331
134000 136000 344
136000 138000 331
138000 140000 313
140000 142000 344
142000 144000 375
144000 146000 326
146000 148000 357
148000 150000 326
150000 152000 370
152000 154000 308
154000 156000 352
156000 158000 383
158000 160000 352
160000 162000 370
162000 164000 339
164000 166000 334
166000 168000 352
168000 170000 334
170000 172000 334
172000 174000 347
174000 176000 334
176000 178000 334
178000 180000 347
180000 182000 365
182000 184000 334
184000 186000 329
186000 188000 347
188000 190000 360
190000 192000 329
192000 194000 347
194000 196000 360
196000 198000 298
198000 200000 329
200000 202000 342
408000 404000 405
412000 408000 449
416000 412000 374
420000 416000 387
424000 420000 418
428000 424000 374
432000 428000 343
436000 432000 387
440000 436000 400
444000 440000 356
448000 444000 338
452000 448000 387
456000 452000 369
460000 456000 356
464000 460000 444
468000 464000 413
472000 468000 382
476000 472000 382
480000 476000 382
484000 480000 413
488000 484000 382
492000 488000 382
496000 492000 426
496000 500000 395
500000 504000 426
504000 508000 382
508000 512000 470
512000 516000 395
516000 520000 439
520000 524000 364
524000 528000 408
528000 532000 377
532000 536000 377
536000 540000 377
540000 544000 408
544000 548000 452
548000 552000 377
552000 556000 421
556000 560000 346
560000 564000 359
564000 568000 421
568000 572000 377
572000 576000 372
576000 580000 390
580000 584000 434
584000 588000 372
588000 592000 403
592000 596000 328
596000 600000 372
