1 10 20
2 10 20
3 10 20
4 10 20
5 10 20
6 10 20
7 10 20
8 10 20
9 10 20
1 20 21
2 20 21
3 20 21
4 20 21
5 20 21
6 20 21
7 20 21
8 20 21
9 20 21
10 20 21
11 20 21
12 20 21
13 20 21
14 20 21
15 20 21
16 20 21
17 20 21
18 20 21
19 20 21
100 200 125
200 300 128
300 400 144
400 500 142
500 600 137
600 700 145
700 800 171
800 900 179
900 1000 174
1000 1100 169
1100 1200 182
1200 1300 177
1300 1400 177
1400 1500 172
1500 1600 167
1600 1700 180
1700 1800 180
1800 1900 175
1900 2000 175
2000 2100 157
2100 2200 170
2200 2300 183
2300 2400 183
2400 2500 209
2500 2600 178
2600 2700 191
2700 2800 173
2800 2900 173
2900 3000 217
3000 3100 186
3100 3200 199
3200 3300 168
3300 3400 181
3400 3500 181
3500 3600 194
3600 3700 207
3700 3800 238
3800 3900 176
3900 4000 189
4000 4100 189
4100 4200 189
4200 4300 202
4300 4400 215
4400 4500 184
4500 4600 184
4600 4700 184
4700 4800 197
4800 4900 179
4900 5000 210
1 2000 182
1 3000 217
1 4000 238
1 5000 238
1 6000 238
1 7000 262
1 8000 262
1 9000 262
1 10000 262
1 11000 268
1 12000 268
1 13000 268
1 14000 276
1 15000 276
1 16000 276
1 17000 276
1 18000 279
1 19000 279
1 20000 279
1000 10000 262
10000 20000 279
20000 30000 308
30000 40000 324
40000 50000 314
50000 60000 340
60000 70000 335
70000 80000 351
80000 90000 333
90000 100000 333
201 210 89

