1 10 20
133 140 91
201 210 89
990 1000 112
270270 270271 407
270271 270272 407
1 1000000 525
1 1 1
999999 1000000 259
1000000 1000000 153
210 201 89
1000000 999999 259
4 4 3
123388 123387 168
238945 238944 81
139823 139824 114
234 235 128
12345 12343 263
143248 143251 145
23 24 16
540 542 44
5415 5410 42
8 8 4
16 16 5
32 32 6
64 64 7
128 128 8
256 256 9
512 512 10
1024 1024 11
2048 2048 12
4096 4096 13
8192 8192 14
16384 16384 15
32768 32768 16
65536 65536 17
131072 131072 18
262144 262144 19
524288 524288 20
524287 524288 178
262143 262144 226
131071 131072 225
65535 65536 131
32767 32768 130
16383 16384 160
8191 8192 159
4095 4096 158
2047 2048 157
1023 1024 63
511 512 62
255 256 48
127 128 47
63 64 108
31 32 107
15 16 18
7 8 17
876546 876545 220
567877 567876 85
45634 45635 71
53547 53546 97
385377 385376 193
987655 987654 184
312043 312044 172
843935 843936 251
555092 555093 147
337841 337842 154
118660 118661 124
481152 481153 214
341476 341477 154
939508 939509 109
140216 140217 70
692920 692921 186
642514 642515 173
333767 333768 115
900937 900938 233
674122 674123 85
888076 888077 119
600227 600228 116
257913 257914 133
375923 375924 180
685547 685548 199
526207 526208 408
585950 585951 129
964591 964592 246
951059 951058 101
884037 884038 70
211242 211243 104
945246 945247 140
529980 529981 103
596375 596376 116
277191 277192 164
187128 187129 86
242519 242518 213
398918 398919 162
747746 747747 88
146360 146361 127
334212 334213 154
431127 431128 157
836039 836038 282
826554 826555 176
954473 954474 277
374622 374623 136
