1 10 20
100 200 125
201 210 89
900 1000 174
10 1 20
1 20 21
20 1 21
100 200 125
23 59 113
23 23 16
999999 1000000 259
999998 999999 259
34523 342343 443
56453 23432 340
23423 13578 279
233422 987872 525
23423 876543 525
545 919191 525
32456 246810 443
234 17500 276
24667 123 282
9876 1 262
562 170000 383
4124 2600 238
84532 1000000 525
349275 23 443
34582 402 311
7658 1001 262
752 2 171
25727 88901 351
272513 777777 509
1134 231245 443
200000 200000 130
212123 212123 280
135790 124764 344
777777 999999 525
999999 123444 525
14790 999998 525
37328 71275 340
38859 87641 351
85073 48138 351
17106 24468 282
44376 23065 324
50647 13561 324
98412 62418 351
61660 24709 340
29012 35790 324
21211 54088 340
235678 231441 381
124535 123456 318
897979 231204 525
678597 890234 525
528966 899991 525
659643 200323 509
26384 48324 324
55094 37017 340
39399 23497 324
61332 28721 340
9210 79112 351
90200 18958 351
56835 26974 340
8479 49388 324
909909 102020 525
545345 102938 470
40060 44486 288
95570 92596 328
29916 66389 340
87215 78610 338
54347 24419 340
73685 40988 340
58339 78093 351
89481 65831 351
345346 912931 525
262222 454526 449
262566 671523 509
1222 123124 354
98743 77493 338
91820 74027 351
20925 59553 340
2784 42833 324
94643 61452 351
29017 6221 308
87464 79406 333
83960 49062 351
18496 14194 279
30330 53341 340
61660 83660 351
44226 75833 340
91639 31062 351
70597 23515 340
89777 7227 351
61940 31090 340
19040 66192 340
56608 45991 340
94194 10663 351
22245 75739 340
56899 51237 340
29575 643 308
98743 77493 338
27503 12064 308
5395 64508 340
86140 58593 351
64006 18396 340
62867 17286 340
8835 61537 340
14324 11852 276
48884 34121 324
55990 42754 340
90793 26197 351
4020 13115 268
60116 69967 335
58736 7274 340
17589 50807 324
100100 100200 341
1 1000000 525