1 10 20
100 200 125
201 210 89
900 1000 174
1 1 1
5 5 6
1 1000000 525
16808 475250 449
650074 943659 525
108931 211273 383
27545 850879 525
777924 237710 509
723811 877634 525
580980 379150 470
236580 558822 470
511968 10673 470
901394 819337 525
125486 91746 354
425229 894092 525
640195 186358 509
35002 921154 525
616709 357945 470
515669 571491 452
788125 702197 504
6808 5250 262
74 3659 217
8931 1273 262
7545 879 262
7924 7710 221
4441 8166 262
4493 3043 238
7988 2504 262
2328 1730 183
19 72 113
20 62 113
92 79 111
24 58 113
81 92 111
62 90 116
5229 4092 215
195 6358 262
5002 1154 238
6709 7945 257
5669 1491 238
8125 2197 262
9531 904 262
7723 4667 262
8550 8025 234
7802 6854 257
978 7409 262
8229 4934 262
299 8982 262
8636 8014 234
3866 9815 262
9064 4537 262
9426 1670 262
4116 95 238
5630 6502 262
6518 4196 262
16808 475250 449
650074 943659 525
108931 211273 383
27545 850879 525
777924 237710 509
564441 438166 470
484493 243043 449
807988 522504 509
282328 531730 470
378841 542613 470
544304 833170 509
817710 97158 509
129561 570934 470
493100 280279 449
351817 795336 509
899098 807827 525
613513 929268 525
723811 877634 525
580980 379150 470
236580 558822 470
511968 10673 470
901394 819337 525
125486 91746 354
425229 894092 525
640195 186358 509
35002 921154 525
616709 357945 470
515669 571491 452
788125 702197 504
509531 60904 449
727723 454667 509
728550 118025 509
797802 806854 406
540978 847409 525
308229 374934 441
260299 938982 525
28636 408014 443
623866 389815 470
739064 554537 509
339426 1670 443
724116 220095 509
75630 446502 449
546518 934196 525
30106 810405 509
319452 194299 443
782189 821124 468
799506 246883 509
406753 731567 509
936717 130338 525
354439 53145 443
851502 844898 419
783872 955829 525
111138 619359 470
153178 982398 525
722295 477905 509
621610 946232 525
959746 844176 507
853636 266299 525
98143 880400 525
999999 1000000 259
999998 999999 259
34523 342343 443
56453 23432 340
23423 13578 279
233422 987872 525
23423 876543 525
545 919191 525
32456 246810 443
234 17500 276
24667 123 282
9876 1 262
562 170000 383
4124 2600 238
84532 1000000 525
349275 23 443
34582 402 311
7658 1001 262
752 2 171
25727 88901 351
272513 777777 509
1134 231245 443
200000 200000 130
212123 212123 280
135790 124764 344
777777 999999 525
999999 123444 525
14790 999998 525
37328 71275 340
38859 87641 351
85073 48138 351
17106 24468 282
44376 23065 324
50647 13561 324
98412 62418 351
61660 24709 340
29012 35790 324
21211 54088 340
235678 231441 381
124535 123456 318
897979 231204 525
678597 890234 525
528966 899991 525
659643 200323 509
26384 48324 324
55094 37017 340
39399 23497 324
61332 28721 340
9210 79112 351
90200 18958 351
56835 26974 340
8479 49388 324
909909 102020 525
545345 102938 470
40060 44486 288
95570 92596 328
29916 66389 340
87215 78610 338
54347 24419 340
73685 40988 340
58339 78093 351
89481 65831 351
345346 912931 525
262222 454526 449
262566 671523 509
1222 123124 354
98743 77493 338
91820 74027 351
20925 59553 340
61660 83660 351
44226 75833 340
91639 31062 351
70597 23515 340
89777 7227 351
61940 31090 340
19040 66192 340
56608 45991 340
94194 10663 351
22245 75739 340
56899 51237 340
29575 643 308
98743 77493 338
27503 12064 308
5395 64508 340
86140 58593 351
64006 18396 340
62867 17286 340
8835 61537 340
14324 11852 276
48884 34121 324
55990 42754 340
90793 26197 351
4020 13115 268
60116 69967 335
58736 7274 340
17589 50807 324
100100 100200 341
1 1000000 525
864076 732352 525
534143 519271 408
664174 784175 504
927411 698559 525
95628 713368 509
544023 193313 470
