1 1 1
1 2 2
999999 1000000 259
289384 930887 525
692778 636916 442
747794 238336 470
885387 760493 525
516650 641422 452
202363 490028 449
368691 520060 470
897764 513927 525
180541 383427 443
89173 455737 449
930 803 179
23 59 113
70 168 122
394 457 134
12 43 112
230 374 144
422 920 179
785 538 171
199 325 131
316 371 144
414 527 142
92 981 179
957 874 174
863 171 171
997 282 179
306 926 179
85 328 144
337 506 142
847 730 153
314 858 171
125 896 179
583 546 137
815 368 171
435 365 134
44 751 171
88 809 171
277 179 128
789 585 171
404 652 145
755 400 171
933 61 179
677 369 145
740 13 171
227 587 144
95 540 144
796 571 171
435 379 134
468 602 142
98 903 179
318 493 144
653 757 171
302 281 118
287 442 144
866 690 171
445 620 142
441 730 171
32 118 119
98 772 171
482 676 145
710 928 179
568 857 171
498 354 142
587 966 179
307 684 145
220 625 144
529 872 179
733 830 153
504 20 144
271 369 144
709 716 65
341 150 144
797 724 153
619 246 144
847 452 171
922 556 179
380 489 142
765 229 171
842 351 171
194 501 144
35 765 171
125 915 179
988 857 179
744 492 171
228 366 144
860 937 179
433 552 142
438 229 144
276 408 144
475 122 144
859 396 171
30 238 128
236 794 171
819 429 171
144 12 122
929 530 179
777 405 171
444 764 171
614 539 137
607 841 171
905 819 179
129 689 145
370 918 179
918 997 174
325 744 171
471 184 144
491 500 142
773 726 153
645 591 132
506 140 144
955 787 179
670 83 145
543 465 142
198 508 144
356 805 171
349 612 142
623 829 171
300 344 144
747 569 171
341 423 134
312 811 171
606 802 171
662 731 171
879 306 179
321 737 171
445 627 142
523 466 142
709 417 171
283 259 123
925 638 179
63 625 144
601 37 144
453 900 179
380 551 142
469 72 144
974 132 179
882 931 148
934 895 130
661 164 145
200 982 179
900 997 174
960 774 179
814 669 171
191 96 125
927 467 179
85 341 144
91 685 145
377 543 142
937 108 179
446 757 171
180 419 144
888 413 179
349 173 144
660 10 145
337 211 144
343 588 142
207 302 128
714 373 171
322 256 131
820 600 171
722 905 179
940 812 179
941 668 179
706 229 171
128 151 122
985 659 179
921 225 179
423 270 144
397 82 144
631 85 144
293 973 179
673 851 171
626 386 142
223 300 128
641 43 144
899 714 179
299 191 128
525 591 137
210 582 144
820 337 171
733 156 171
995 5 179
380 770 171
274 777 171
851 256 171
861 143 171
580 885 179
994 206 179
622 568 132
505 614 137
962 755 179
327 260 144
945 203 179
203 507 144
785 22 171