1 10 20
100 200 125
201 210 89
900 1000 174
536322 589925 452
38036 368677 443
573738 433457 470
155052 970705 525
837219 44742 509
124432 581070 470
589718 43323 470
963895 879389 507
763314 360107 509
927110 687911 525
103693 447081 449
620938 174795 470
89314 383586 443
979137 299398 525
810105 653454 504
434515 661054 509
694564 859282 525
661726 483819 509
429669 468598 444
427119 527906 470
815789 375038 509
864076 732352 525
534143 519271 408
664174 784175 504
927411 698559 525
95628 713368 509
544023 193313 470
335954 118245 443
399984 285004 441
944112 325233 525
465054 153440 449
355599 622735 470
393117 676212 509
566239 101940 470
39272 805654 509
442956 196546 449
786872 739040 468
702095 124209 509
573354 56563 470
936545 180572 525
566910 396435 470
166474 866406 525
358203 605919 470
713047 767815 424
556272 788075 509
831913 527671 509
322710 676796 509
312938 655029 509
277650 304799 389
372955 445364 449
428 892 179
622 346 142
975 109 179
304 831 171
976 424 179
141 374 144
402 613 142
320 352 144
873 178 179
976 858 179
772 687 171
58 125 119
572 308 144
306 513 144
295 814 171
279 490 144
97 832 171
128 362 144
225 182 120
319 542 144
787 501 171
384 397 121
95 863 171
773 75 171
317 882 179
330 324 144
170 464 144
1000 163 179
524 305 144
752 122 171
127 764 171
165 572 144
673 877 179
142 558 144
120 424 144
975 693 179
982 251 179
316 257 131
430 514 142
953 398 179
838 548 171
185 139 125
680 867 171
777 707 153
855 497 171
959 817 179
34 517 144
436 889 179
384 933 179
140 970 179
529 781 171
16 428 144
100 622 144
947 76 179
141 876 179
90 359 144
832 954 179
617 711 171
912 487 179
815 779 135
206 813 171
307 222 128
848 906 179
52 807 171
24 739 171
189 33 125
73 25 116
13 24 21
73 24 116
15 59 113
53 10 112
92 97 119
56 72 108
45 58 113
32 74 116
98 97 119
50 65 113
11 37 112
16 19 21
4 71 113
41 65 113
80 87 111
72 71 103
94 34 116
89 91 93
37 29 107
22 80 116
19 11 21
61 98 119
65 85 116
28 7 112
9 46 112
41 22 112
29 83 116
47 44 105
52 65 113
80 24 116
11 38 112
65 48 113
62 75 116
57 26 113
12 95 116
76 49 116
1 50 112
35 96 116
12 41 112
66 77 116
22 17 21
34 20 112
2 35 112
34 79 116
86 6 116
17 2 20
70 73 116
46 52 105
25 88 116
68 88 116
61 78 116
25 55 113
92 66 116
9 83 116
1 38 112
19 72 113
20 62 113
92 79 111
24 58 113
81 92 111
62 90 116
25 6 24
63 38 113
8 19 21
35 50 110
86 54 116
48 6 112
51 24 112
79 35 116
39 9 112
57 69 108
15 76 116
71 13 113
16 52 112
80 7 116
84 26 116
71 69 103
44 32 110
51 60 113
12 19 21
56 14 113
28 85 116
31 69 113