13892 34353 311
245 324 131
7809 342 262
32 123 119
324 425 144
23454 98798 351
4533 3453 238
2342 98789 351
50 50 25
10 10 7
899 28892 308
56835 26974 340
8479 49388 324
909909 102020 525
545345 102938 470
40060 44486 288
95570 92596 328
29916 66389 340
87215 78610 338
54347 24419 340
73685 40988 340
58339 78093 351
89481 65831 351
100 1 119
149 140 117
900 800 179
800 700 171
2342 15343 276
700 800 171
500 400 142
600 500 137
42 62 113
723811 877634 525
580980 379150 470
236580 558822 470
511968 10673 470
901394 819337 525
125486 91746 354
622121 622234 310
638859 639228 323
698871 699296 305
69994 70299 281
363933 367871 361
121339 130520 344
162257 165043 339
506636 509436 382
871669 876068 432
656597 665144 429
196665 201754 342
647028 647912 341
876713 880229 401
509087 517130 470
5147 10116 262
525176 534241 408
877327 884929 401
853240 858874 419
348894 350047 366
626551 633186 385
328904 338877 366
400 20 144
29 47 110
51 89 116
32 9 112
90 40 116
17 109 119
109 211 125
193 149 125
79 83 111
131 53 122
19 199 125
209 167 125
1 11 20
11 13 15
90 200 125
101 200 125
50 50 25
222 333 144
89 91 93
2000 2000 113
12 13 10
7000 7002 32
455 455 41
398 398 121
800 900 179
513929 979802 525
634022 723058 504
133069 898167 525
18456 961393 525
175011 478042 449
176229 377373 443
484421 544919 470
413784 898537 525
575198 594324 434
664370 798315 504
566413 803526 509
393584 695788 509
502651 705403 509
392754 612399 470
95060 999932 525
1000000 1000000 153
