1 10 20
100 200 125
201 210 89
900 1000 174
1 1 1
5 5 6
1 1000000 525
16808 475250 449
650074 943659 525
108931 211273 383
27545 850879 525
777924 237710 509
564441 438166 470
484493 243043 449
807988 522504 509
282328 531730 470
378841 542613 470
544304 833170 509
817710 97158 509
129561 570934 470
493100 280279 449
351817 795336 509
899098 807827 525
613513 929268 525
723811 877634 525
580980 379150 470
236580 558822 470
511968 10673 470
901394 819337 525
125486 91746 354
425229 894092 525
640195 186358 509
35002 921154 525
616709 357945 470
515669 571491 452
788125 702197 504
6808 5250 262
74 3659 217
8931 1273 262
7545 879 262
7924 7710 221
4441 8166 262
4493 3043 238
7988 2504 262
2328 1730 183
8841 2613 262
4304 3170 238
7710 7158 239
9561 934 262
3100 279 217
1817 5336 238
9098 7827 252
3513 9268 262
3811 7634 262
980 9150 262
6580 8822 257
1968 673 182
1394 9337 262
5486 1746 238
5229 4092 215
195 6358 262
5002 1154 238
6709 7945 257
5669 1491 238
8125 2197 262
9531 904 262
7723 4667 262
8550 8025 234
7802 6854 257
978 7409 262
8229 4934 262
299 8982 262
8636 8014 234
3866 9815 262
9064 4537 262
9426 1670 262
4116 95 238
5630 6502 262
6518 4196 262
16808 475250 449
650074 943659 525
108931 211273 383
27545 850879 525
777924 237710 509
564441 438166 470
484493 243043 449
807988 522504 509
282328 531730 470
378841 542613 470
544304 833170 509
817710 97158 509
129561 570934 470
493100 280279 449
351817 795336 509
899098 807827 525
613513 929268 525
723811 877634 525
580980 379150 470
236580 558822 470
511968 10673 470
901394 819337 525
125486 91746 354
425229 894092 525
640195 186358 509
35002 921154 525
616709 357945 470
515669 571491 452
788125 702197 504
509531 60904 449
727723 454667 509
728550 118025 509
797802 806854 406
540978 847409 525
308229 374934 441
260299 938982 525
28636 408014 443
623866 389815 470
739064 554537 509
339426 1670 443
724116 220095 509
75630 446502 449
546518 934196 525
30106 810405 509
319452 194299 443
782189 821124 468
799506 246883 509
406753 731567 509
936717 130338 525
354439 53145 443
851502 844898 419
783872 955829 525
111138 619359 470
153178 982398 525
722295 477905 509
621610 946232 525
959746 844176 507
853636 266299 525
98143 880400 525
