1 1 1
2 1 2
1000000 1000000 153
837799 837799 525
700000 900000 525
1 1000 179
1000 1 179
6000 7000 262
50000 10000 351
1 100 119
100 1 119
1 1000000 525
1000000 1 525
1 3 8
1 4 8
1 5 8
1 6 9
1 7 17
1 8 17
1 9 20
2 2 2
4 4 3
8 8 4
16 16 5
32 32 6
64 64 7
128 128 8
256 256 9
512 512 10
1024 1024 11
2048 2048 12
4096 4096 13
8192 8192 14
16384 16384 15
32768 32768 16
65536 65536 17
131072 131072 18
262144 262144 19
524288 524288 20
999999 1000000 525
1 2000 182
1 3000 217
1 4000 238
1 5000 238
1 6000 238
1 7000 262
34153 80000 351
49871 654 324
2307 794163 509
168042 920426 525
46040 524830 470
37081 367163 443
984675 952624 458
308496 971382 525
420674 146712 449
746874 484974 509
297497 497264 449
216756 565634 470
597454 458445 470
485778 789465 509
837800 837800 145
837799 837800 525
837800 837799 525
837798 837798 132
837798 837799 525
837799 837798 525
837798 837800 525
837800 837798 525
1 837798 509
837798 1 509
837800 1000000 507
1000000 837800 507
837799 1 525
1 837799 525
1 837800 507
837800 1 507
1 10 20
1 20 21
1 30 112
1 40 112
1 50 112
1 60 113
1 70 113
1 80 116
1 90 116
1 100 119
5984 4815 236
4547 5421 210
4548 4547 140
7974 4874 262
9874 4845 262
2647 4748 238
2654 4864 238
6901 4847 262
1671 1267 180
262 2197 182
4664 1687 238
2671 1448 209
2198 5744 238
1657 1964 180
19874 49465 324
29885 597278 470
24744 48415 324
14789 12369 276
42684 15973 324