543 5345 238
1 3 8
6 7 17
10000 100001 351
9095 900 262
8610 207948 383
823867 500 509
1000000 999999 259
153 125 122
11 10 15
198689 498694 449
1309 1039468 525
81011 263574 443
18639 32645 308
123123 123123 181
2 2 2
1 1 1
999 99 179
22424 26374 282
30 40 107
30 40 107
40 30 107
40 30 107
794 974 179
173 27347 308
67 75642 340
2731 73453 340
507298 10294 449
68023 26306 340
5104 36592 324
125 926545 525
7894 2234 262
1 1000000 525
444 444 72
999999 999999 259
8815 8816 53
8816 8815 53
15615 62574 340
153462 1532 375
8597 8324 234
28746 365367 443
188916 169328 365
129638 12589 354
16 16 5
1 10 20
1 3 8
4 6 9
1 19 21
1529 159 182
6 6 9
6 7 17
6 8 17
6 9 20
1 100 119
50 100 119
100 1000 179
500 1000 179
952 2364 183
37 735 171
26 36 112
26 36 112
26 36 112
23 23 16
23 23 16
23 23 16
99 996 179
90000 90001 165
90001 90000 165
62347 6546 340
2867 230846 443
98346 34876 351
83476 674 351
364 346 126
86902 82358 320
2678 634 209
645363 6347 509
2836 2753 173
32698 98 308
9863 26 262
263 267 123
265 253 123
99 98 26
99 100 26
99 101 26
99 97 119
5218 5923 236
856 4586 238
836 36 171
83 263 128
827 333333 443
62832 634 340
120900 34 354
2 363637 443
37378 889 324
958585 8112 525
21213 86 279
57483 47382 340
282828 123456 443
191919 28364 383
46 57557 340
448839 1 449
564738 789 470
839 12 171
678000 234 509
574839 322 470
598892 45698 470
92000 1100 351
119083 332478 443
573829 573 470
573829 573857 328
983712 7382 525
918285 38386 525
172856 72638 383
74835 728391 509
28563 93826 351
560393 4736 470
674839 56478 509
10 892 179
382 9477 262
7483 828 262
57483 94837 351
56373 46275 340
969 2929 217
483293 85 449
128 843726 525
674839 99 509
223 113005 354
19284 29365 308
584839 9 470
585 73922 340
583 385 142
48327 98333 351
57473 7546 340
38338 993838 525
556372 998 470
892274 744737 525
67 848382 525
28383 573 308
578738 8 470
1234 4321 238
9284 83765 351
57395 9283 340
82 847573 525
283875 22 443
2848 339 209
573819 95372 470
2299 55789 340
2256 645 183
378 68933 340
74783 56000 335
