1 10 20
100 200 125
201 210 89
900 1000 174
999999 1000000 259
1000000 1000000 153
1 1 1
10 1 20
2 525 144
128398 157030 383
749193 171065 509
865932 56293 525
62208 552136 470
715120 900582 525
312437 818898 509
560066 48901 470
53871 770690 509
954279 537649 525
770811 481260 509
821602 525373 509
624613 325964 470
85871 624846 470
104626 490203 449
417811 61491 449
714221 385168 509
90548 474990 449
582703 162594 470
166055 378877 443
266113 263419 332
501249 73050 449
70324 288682 443
53511 451925 449
941697 317174 525
669675 269360 509
291307 280975 389
238857 483786 449
139311 716411 509
575603 890162 525
847129 865420 419
372360 272748 441
773082 836456 468
421403 902547 525
978183 128368 525
289372 961701 525
514820 789583 509
284066 493119 449
337314 155050 443
198672 680628 509
583201 316860 470
789919 931474 525
225347 893621 525
185460 641070 509
609602 557637 434
784475 375891 509
524751 290537 470
632816 520790 509
50512 990921 525
61114 149647 375
920329 801330 525
352912 401452 436
322248 398433 441
543508 958892 525
40600 136510 354
585489 53134 470
772459 853767 525
189568 588940 470
917185 787283 525
461651 276291 449
284100 413215 449
844134 369706 525
206846 423487 449
367581 468398 449
248077 563147 470
482386 391195 449
111167 556325 470
198280 40985 383
714251 110625 509
775929 153354 509
276759 176508 443
92164 472818 449
50057 214898 383
70617 282697 443
277479 920538 525
719244 851850 525
593224 375644 470
675217 588921 509
849570 857216 419
518395 897046 525
224142 753736 509
581584 493522 470
931696 35260 525
322808 989952 525
659616 609357 509
248288 235985 368
89488 484402 449
236474 192411 443
12246 902625 525
643010 969754 525
828247 626238 509
591993 10623 470
101023 333764 443
369785 530922 470
543383 62983 470
495408 679651 509
979500 582179 525
246469 932220 525
889303 620131 525
445166 142029 449
507880 194953 449
