1 10 20
10 1 20
347 23 144
79999 2398 351
1 1000000 525
2 1000000 525
678 678 52
1000000 1000000 153
1000000 100000 525
1 1 1
2 999998 525
636218 892427 525
701828 791272 504
247286 271889 407
708923 710070 336
796196 830779 450
297948 359649 441
346591 383779 423
655354 673786 442
175524 239271 443
497511 512170 470
708263 776188 468
591314 649993 509
826697 905183 525
111982 148648 375
355618 418490 449
846715 929604 476
94052 192415 383
673093 678642 385
125455 137763 344
763143 830074 468
193750 287535 443
822576 900335 525
3 2 8
674895 749799 504
896788 964759 507
240639 277900 407
92546 164386 383
126146 132547 344
39482 86642 351
308933 377487 441
159329 193253 370
675740 737924 504
142756 214032 383
150270 207911 383
427686 526197 470
877128 951059 507
762939 812809 468
61403 126569 354
514304 582445 452
75641 129231 354
759326 836933 468
486097 500427 426
62836 62833 105
294936 329974 384
491049 507895 426
562382 567949 421
759876 850315 525
463599 490397 413
500176 517418 470
19142 56030 340
35057 91956 351
53923 64902 335
45251 46161 252
163239 201246 365
261529 300740 407
572912 623616 447
677830 733563 504
190193 278548 443
213766 258793 443
63188 78106 351
347375 433897 449
100303 161077 383
609115 699723 509
411275 481204 444
627673 689708 442
747433 844377 525
807036 892879 525
495705 516506 470
999999 2345 525
664705 745420 504
188060 238455 443
680183 763577 504
884550 888909 445
416193 426092 418
8359 33937 308
96013 100369 341
433315 454050 400
806599 901547 525
85148 159558 383
783393 876809 525
812843 824593 450
29937 50252 324
222647 224145 324
61628 142270 354
736804 831780 468
327655 391672 441
15114 107377 354
561307 632607 509
127973 212761 383