1 10 20
100 200 125
201 210 89
900 1000 174
100 100 26
1 210 125
101 200 125
1 1 1
1 2 2
1 3 8
1 4 8
1 5 8
1 6 8
1 7 17
1 8 17
1 9 20
1 100 119
50 100 119
51 100 119
123456 987654 525
999999 1000000 259
32479200 32479301 233
74838 84848 351
22222 22432 269
1 100 119
54334 54934 260
23452 45979 324
5874 9854 262
9877 29877 308
534523 805763 468
608734 883483 525
123984 908366 525
345034 598098 470
91230 890340 525
459083 624806 470
123353 983045 525
1 100000 351
713323 913323 525
541234 987983 525
1240 513458 470
880980 989879 476
234664 912935 525
125432 987438 525
1000000 1500000 528
1304595 1309583 430
1430796 1629078 513
5123709 5978324 613
2349872 2379514 436
2509234 2552340 524
2859872 3103095 532
1234578 1234789 329
3490587 3933942 522
1238151 1917579 526
3504978 3505792 377
5123075 5238955 525
1270329 1299845 461
235908 249582 368
1 1 1
2352353 2365252 405
1111111 1111112 166
9999999 10000000 221
2380487 3857185 532
5375023 5702347 613
1 50000 324
50001 100000 351
100001 150000 375
150001 200000 383
200001 250000 443
250001 300000 407
300001 350000 441
350001 400000 436
400001 450000 449
450001 500000 444
500001 550000 470
550001 600000 434
600001 650000 447
650001 700000 442
700001 750000 424
750001 800000 468
800001 850000 525
850001 900000 432
900001 950000 476
950001 1000000 458
1 100000 351
100001 200000 383
200001 300000 443
300001 400000 441
400001 500000 449
500001 600000 470
600001 700000 447
700001 800000 468
800001 900000 525
900001 1000000 476
1 250000 443
250001 500000 449
500001 750000 470
750001 1000000 525
1 500000 449
500001 1000000 525
1 1000000 525
1 10000000 616
