7 131567 354
458753 755775 509
219008 532887 470
47055 679017 509
679449 934903 525
383588 519533 470
34579 831152 509
53473 529819 470
7699 671300 509
66857 383502 443
417580 686927 509
589109 930646 525
527047 846357 525
91985 654066 509
416093 701348 509
762369 910525 525
47475 262512 443
328308 736247 509
632781 756580 504
365420 991260 525
247094 982771 525
722823 753525 424
72702 651665 509
631777 884906 525
272771 436509 449
477839 766667 509
237827 274968 407
166544 359345 443
486626 897858 525
60577 909412 525
504636 904856 525
319104 516408 470
494087 986864 525
90753 266204 443
73765 947977 525
384228 500819 449
277144 914023 525
464550 529866 470
50095 941191 525
761685 770378 468
125393 828003 509
15871 688610 509
629685 868442 525
725575 736390 424
888772 999683 507
233247 306390 407
351094 513389 470
591246 846172 525
412173 841700 525
269377 415488 449
468022 537425 470
178367 287277 443
153754 571783 470
33061 802586 509
498592 534570 470
748461 955575 525
554708 890938 525
624990 842229 525
159803 212799 373
130456 714870 509
91010 274650 443
3000 414386 449
26882 709979 509
239964 938108 525
180936 317611 443
652205 887190 525
150368 681499 509
385901 387812 330
147566 499853 449
587318 845766 525
590241 955624 525
148184 556271 470
408858 983526 525
141851 565025 470
252183 488624 449
464135 961311 525
126059 199802 383
319321 629410 509
126740 651400 509
621774 803253 509
247897 476539 449
203296 389401 443
28381 901876 525
142053 426593 449
410405 947700 525
131218 885847 525
92194 162235 383
71079 365421 443
135139 253114 443
455409 783329 509
349602 452402 449
809126 931884 525
215296 651792 509
679745 909126 525
250181 861053 525
471368 506069 426
600528 817745 509
462349 756013 509
632881 951581 525
439429 824883 509
689136 702364 442
954629 987367 458
289381 851461 525
514550 537546 439
103457 414121 449
576846 876763 525
440137 729912 509
715803 869459 525
706694 800900 468
19096 741882 509
525105 886230 525
65208 463427 449
489053 713583 509
667829 682202 385
199599 916840 525
866077 890219 445
139226 544070 470
450448 989585 525
215580 446123 449
315803 514775 470
439824 881702 525
467637 806831 509
211566 365240 443
153639 999341 525
616489 630630 509
595 879 179
727498 773526 468
319249 417817 449
680715 682647 336
205308 836608 509
709080 828894 468
81756 94570 333
629713 764176 504
213594 213900 373
81079 388910 443
947758 952374 414
269275 389941 441
284099 692324 509
777040 784041 437
282219 422554 449
11318 194011 383
191867 983457 525
244109 819910 509
136485 398233 443
176920 601145 470
157766 828541 509
257226 988159 525
101660 233651 443
219460 634860 509
696164 794948 504
696399 753110 504
633572 669671 442
56453 598351 470
227058 318849 443
117463 699992 509
526241 762742 509
554036 588121 434
329740 703147 509
143077 161724 383
485434 860419 525
556961 813448 509
316078 739163 509
135362 528667 470
310808 588251 470
430944 518200 470
258901 370309 441
393106 446966 449
387918 476003 449
78280 279355 443
253979 369825 441
671935 676389 385
514052 728772 509
720930 944965 525
460801 940374 525
321632 460537 449
517261 661504 509
401923 605776 470
150427 986724 525
343895 670249 509
522925 541832 408
14953 829425 509
274271 643123 509
546259 918054 525
266673 970305 525
246788 844165 525
455854 694180 509
22088 817285 509
160785 707109 509
436736 707985 509
582552 751879 509
695835 991756 525
279574 754032 509
4254 171217 383
79934 495802 449
163117 903504 525
746847 783168 468
6343 436523 449
518595 584918 452
66864 544145 470
215874 389819 443
