1 10 20
100 200 125
201 210 89
900 1000 174
1 10000 262
9900 10000 180
10000 10100 224
10100 10200 180
10200 10300 242
10300 10400 224
10400 10500 255
10500 10600 193
10600 10700 255
10700 10800 193
10800 10900 206
10900 11000 268
11000 11100 206
11100 11200 237
11200 11300 206
11300 11400 206
11400 11500 175
11500 11600 237
11600 11700 219
11700 11800 175
11800 11900 188
11900 12000 250
12000 12100 188
12100 12200 250
12200 12300 188
12300 12400 263
12400 12500 201
12500 12600 263
12600 12700 201
12700 12800 201
12800 12900 170
12900 13000 201
13000 13100 201
13100 13200 245
13200 13300 276
13300 13400 183
13400 13500 245
13500 13600 245
13600 13700 183
13700 13800 214
13800 13900 258
13900 14000 183
14000 14100 196
14100 14200 152
14200 14300 196
14300 14400 196
14400 14500 209
14500 14600 183
14600 14700 271
14700 14800 209
14800 14900 240
14900 15000 209
15000 15100 271
15100 15200 222
15200 15300 178
15300 15400 240
15400 15500 209
15500 15600 222
15600 15700 253
15700 15800 191
15800 15900 222
15900 16000 253
16000 16100 235
16100 16200 191
16200 16300 204
16300 16400 191
16400 16500 266
16500 16600 191
16600 16700 235
16700 16800 266
16800 16900 204
16900 17000 204
17000 17100 217
17100 17200 235
17200 17300 235
17300 17400 204
17400 17500 204
17500 17600 248
17600 17700 279
17700 17800 186
17800 17900 217
17900 18000 248
18000 18100 186
18100 18200 186
18200 18300 248
18300 18400 199
18400 18500 230
18500 18600 261
18600 18700 186
18700 18800 230
18800 18900 261
18900 19000 230
19000 19100 199
19100 19200 199
19200 19300 212
19300 19400 186
19400 19500 199
19500 19600 274
19600 19700 199
19700 19800 243
19800 19900 274
999900 1000000 259
