1 1 1
1 1000000 525
1000000 1000000 153
623 987 179
53 12 112
34 52234 324
2434 6743 262
7890 243 262
34523 222 311
43 5893 238
13892 34353 311
245 324 131
7809 342 262
32 123 119
324 425 144
23454 98798 351
4533 3453 238
2342 98789 351
50 50 25
10 10 7
899 28892 308
45434 324111 443
99 100 26
86 90 31
2000 67000 340
34535 133134 354
90000 90000 165
18 21 21
13 51 112
2 1 2
9 1 20
10 500 144
6000 8000 262
14 14000 276
9789 23411 279
112 3432 217
88 99 119
120 3401 217
2000 78000 351
43 42 30
1 50000 324
459 900 179
12345 54321 340
898989 989898 507
93 29 116
43 21 112
16 81 116
19 22 21
17 76 116
14 92 116
17 87 116
18 64 113
19 45 112
989 898 174
20 12 21
2012 300 182
500 501 111
4738 13111 268
32 64 113
64 128 119
128 256 128
512 1024 179
1024 2048 182
2048 1 182
1990 2020 144
23408 109230 354
67 76 116
90210 90102 284
1889 1990 175
1001 20010 279
2001 3001 217
92 14 116
42 62 113
4089 90831 351
2342 15343 276
754 8937 262
23 24 16
9999 1000000 525
8090 9080 247
2332 2442 165
7668 8667 252
900 100 179
34 879 179
876543 345678 525
121 8 119
88 909 179
2 4 8
5 25 24
25 125 119
9 81 116
172 27 125
902 10 179
2532 53425 340
2 90 116
23 1876 182
56 65 108
1000000 999999 259
102 1832 182
3056 89232 351
8920 45784 324
5555 6666 262
1 999111 525
23333 89 279
1000 100000 351
99 7231 262
19 222 125
34 789 171
24 3478 217
4234 982347 525
91242 7843 351
9015 20408 279
1111 9090 262
100000 54 351
1012 1412 182
848 98012 351
430 48721 324
892 66282 340
58393 45784 340
111 6666 262
725 807223 509
1984 12 182
901 432 179
34556 8979 311
893 4019 238
238 3895 238
