1 10 11
100 200 300
201 210 411
900 1000 1900
53394 245720 443
129963 115155 349
16001 162998 383
20161 30124 308
194728 91067 383
69332 106874 354
130155 154467 375
167187 78513 383
12244 213016 383
217920 231515 443
220400 237441 443
69568 155993 375
22038 131628 354
228428 28266 386
202808 89187 383
36229 111782 354
15618 149021 375
76084 142055 354
18351 165892 383
55551 86469 351
242010 5582 443
201928 65373 383
203362 51178 383
12016 141389 354
23847 55593 340
171800 142510 383
190865 154103 383
24200 108126 354
167601 204900 365
90056 11850 351
111007 20756 354
152571 38629 375
41425 21535 324
3148 246327 443
19437 152501 375
78993 156580 383
10645 168658 383
56204 225191 386
106530 199658 383
206481 121579 383
164812 246017 443
162289 131367 383
95365 144969 375
35460 69540 340
100181 133049 354
12070 27836 308
10256 160343 383
248744 164592 443
79924 206962 383
94519 1509 351
161263 166142 352
177338 244589 443
139517 7532 354
65860 18990 340
37038 235765 443
208826 50593 383
47622 247060 443
56111 62616 335
148319 233373 443
138810 21229 354
190601 236494 443
134681 54740 354
217345 45776 386
71055 198572 383
136735 158121 383
95865 124759 354
240681 217746 443
210206 43075 383
246725 74848 443
149716 97252 375
83020 95442 333
204415 138720 383
187898 196501 360
43637 40535 288
106018 168583 383
62477 35469 340
237455 130678 443
174822 166102 347
12357 87972 351
93716 219149 386
191973 179162 365
7189 226288 386
197199 74950 383
158593 77979 383
183106 247042 443
34128 247871 443
86511 194786 383
170997 79551 383
114108 56954 354
228536 65991 386
190564 217610 386
191826 196042 360
56507 165991 383
113905 24422 354
98447 227910 386
244636 52166 443
72683 122856 354
145808 132660 375
223909 86733 386
81960 48712 351
181367 787390 509
142048 42355 354
46285 426758 449
130408 362969 443
168601 650900 509
3362 924229 525
72753 301261 443
95670 623328 470
16861 124170 354
219359 563881 470
62350 272783 443
88458 181894 383
50668 839270 525
149450 757676 509
71400 373399 443
228776 67688 386
205200 234759 443
109159 879496 525
74897 983339 525
46102 11112 324
40870 592743 470
169438 207260 373
214046 856199 525
90043 716023 509
74092 135832 354
16840 822390 509
111096 919396 525
86627 965261 525
48259 744457 509
126111 17547 354
63207 350005 443
74584 107372 354
103181 415680 449
106034 323323 443
6824 206566 383
223882 59938 386
15887 965152 525
213198 731152 509
107560 414941 449
211064 658117 509
103376 999266 525
117045 531965 470
87191 735739 509
212532 726006 509
3048 581404 470
56746 167072 383
32838 267098 443
22915 772065 509
12465 179263 383
49443 709506 509
32552 255949 443
137626 138361 313
35289 907218 525
84341 205267 383
203188 769956 509
31409 558590 470
236525 584186 470
93019 188848 383
115936 606631 470
12451 682168 509
168927 799604 509
28047 841631 525
35063 370648 443
146780 946554 525
237233 11158 443
21039 242575 443
6436 941940 525
239289 63714 443
155623 320979 443
182473 105691 383
164724 200304 365
101915 107349 354
216281 274614 443
53566 413189 449
94296 644925 509
202916 32581 383
129214 869667 525
237298 318076 407
83248 664517 509
241495 716588 509
84113 322075 443
200394 854936 525
77856 715373 509
179772 676688 509
51934 592438 470
3148 348954 443
12766 361108 443
221721 62463 386
98149 379304 443
94818 852719 525
194497 554576 470
4345 671697 509
126198 633150 509
222791 900076 525
26131 582325 470
245449 17387 443
192932 379424 443
4199 718032 509
170960 32399 383
64677 547896 470