271869 794326 509
538629 88949 470
419759 108941 449
732277 117006 509
668474 250852 509
824775 673095 504
777082 60928 509
244387 310117 407
827788 591948 509
560757 419046 470
179923 904420 525
9833 292937 443
568199 924809 525
852445 484085 525
740492 874293 525
167912 932234 525
591683 162995 470
543924 488488 470
512697 437424 470
552583 175325 470
595111 667546 509
867571 457132 525
85849 378039 443
696293 549628 509
649118 583745 509
940568 365770 525
983308 489311 525
71406 788666 509
431937 212955 449
385895 519122 470
973391 435632 525
476386 617177 470
381917 62865 443
484917 156368 449
534422 36583 470
978506 547586 525
15727 110494 354
384205 12019 443
777337 545899 509
465454 374812 449
717351 188678 509
50840 570534 470
93013 627419 509
964639 801899 525
315016 834856 509
544069 368710 470
738702 467541 509
62895 265368 443
989833 930587 507
812201 817520 375
771461 727673 468
28921 376017 443
674496 534072 509
421954 312799 449
40832 224906 386
154816 279780 443
109244 552475 470
405712 124073 443
152796 525523 470
579911 881554 525
859678 908481 445
42808 740323 509
470809 568373 470
999383 958602 458
822364 990106 525
68920 544842 470
98475 869834 525
415365 633278 509
154233 727762 509
641010 491136 509
276279 839904 525
182877 972711 525
429897 531046 470
128375 570092 470
794984 468017 509
433542 727655 509
728988 873822 525
519945 92166 470
107320 90525 354
975970 586618 525
625415 507249 470
229867 920559 525
844570 321951 525
886456 791471 525
862002 454642 525
813603 720734 468
192719 800891 509
588186 568279 434
779687 305667 509
916065 583328 525
908068 766830 525
301670 430021 449
930173 365050 525
56849 932244 525
628511 514884 509
530003 202242 470
553951 31519 470
287419 104675 443
509171 875762 525
318817 472174 449
813191 275032 509
591994 855368 525
438368 566733 470
708542 629141 504
309381 110992 443
860840 466018 525
572501 201719 470
408865 777915 509
880850 432874 525
898305 417954 525
973403 256501 525
47296 791042 509
368780 945567 525
508885 793774 509
516368 246590 470
666873 480260 509
696317 80025 509
46349 282736 443
249613 446904 449
24180 322363 443
556760 747487 509
703116 721781 504
252998 770791 509
968642 892794 507
539135 355431 470
590410 167260 470
951368 356549 525
321463 394007 441
447058 233581 449
198297 906016 525
348359 568046 470
358844 741328 509
938046 782691 525
454871 593576 470
919291 237102 525
417460 823558 509
243123 5111 443
326625 28100 443
355168 603395 470
360671 735916 509
669254 194319 509
789530 434339 509
245434 607839 470
680137 867794 525
955864 117961 525
414672 100245 449
782669 217303 509
579039 150884 470
59521 745892 509
400044 822009 509
