1 10 20
100 200 125
201 210 89
900 1000 174
80192 759176 509
418119 549564 470
689224 94218 509
248534 990734 525
714949 141736 509
422629 32007 449
550387 118326 470
794587 372202 509
498048 904517 525
397340 935358 525
209707 111902 383
311355 552602 470
898440 138332 525
455820 151058 449
679328 133731 509
217431 565630 470
26485 56576 340
499112 953059 525
496931 969119 525
520643 334145 470
101025 647523 509
363188 451385 449
369703 907046 525
911685 895896 476
301034 576717 470
323913 97220 443
644547 80710 509
6486 443713 449
718125 477409 509
683600 791009 504
817709 361992 509
656927 291270 509
731148 471836 509
796226 769109 468
127616 2030 354
553981 53177 470
691497 949975 525
316974 595793 470
954231 567093 525
593662 146551 470
699304 320898 509
148915 467054 449
473007 9234 449
587041 899751 525
679536 182185 509
107904 301808 443
297768 836726 509
999897 450618 525
327530 679024 509
747995 675397 504
7876 172236 383
219786 246954 443
248576 251160 350
784535 76933 509
322246 675063 509
562826 74621 470
445663 125946 449
642075 636529 416
705236 927959 525
222817 476224 449
311541 594440 470
343522 889077 525
9269 315714 443
140937 863950 525
658995 610960 509
696693 119847 509
427860 567628 470
433262 482440 444
794251 409338 509
274866 441095 449
615866 840577 525
523054 688283 509
949938 428167 525
619528 434047 470
422551 380648 449
870681 499263 525
784991 170002 509
335352 748899 509
657785 575679 509
535921 736565 509
871434 823504 525
151509 767343 509
820434 454019 509
640235 73158 509
889453 644113 525
711876 853581 525
972406 384295 525
297708 731016 509
515462 570814 452
831356 262094 509
998746 291545 525
947149 102873 525
82834 720603 509
639687 924270 525
250326 689410 509
612759 310883 470
983891 194884 525
670527 486738 509
876451 117508 525
12999 52249 324
646923 557681 509
542289 533386 408
125150 424124 449
46794 99958 351
195646 338739 443
273469 845777 525
388162 385343 348
803073 766018 468
487411 620726 470
597971 848138 525
534129 222 470
66878 162958 383
499251 505663 426
488886 972802 525
244844 843108 525
704709 483572 509
546632 991982 525
476125 483763 413
631957 915220 525
494476 230554 449
757759 440826 509
665613 585340 509
542452 672813 509
487546 58669 449
479590 812473 509