1 1 1
1 1000000 525
1000000 1000000 153
930886 289383 525
636915 692777 442
238335 747793 509
760492 885386 525
641421 516649 509
490027 202362 449
520059 368690 470
513926 897763 525
383426 180540 443
455736 89172 449
595368 5211 470
956429 702567 525
21530 465782 449
665123 722862 504
703135 174067 509
979802 513929 525
723058 634022 504
898167 133069 525
18456 961393 525
478042 175011 449
377373 176229 443
544919 484421 470
898537 413784 525
594324 575198 434
664370 798315 504
803526 566413 509
268980 776091 509
241873 759956 509
999170 806862 525
497281 906996 525
420925 702305 509
336327 477084 449
126505 660336 509
621729 750846 509
925857 661313 525
353895 616124 470
100545 819582 509
233367 898814 525
990364 515434 525
313750 344043 384
426808 171087 449
947178 117276 525
393584 695788 509
502651 705403 509
612399 392754 470
95060 999932 525
993368 549676 525
210012 947739 525
698586 636226 442
297539 348094 441
480570 140795 449
960378 651434 525
66601 97467 351
612902 710097 509
570492 573317 372
260756 926652 525
560280 997301 525
209441 724286 509
429689 953865 525
346619 228444 443
744729 558440 509
108117 958031 525
905771 738097 525
890675 834481 525
698927 120709 509
777856 704567 504
872353 179497 525
276965 254586 407
964683 455306 525
28624 406219 443
332871 51528 443
48829 805732 509
530019 409503 470
363368 258270 441
486715 959708 525
518149 226340 470
700723 747796 504
2245 142618 375
493451 122846 449
243555 892921 525
597488 192379 470
888228 537764 525
792350 469841 509
441500 165193 449
87764 757034 509
324914 470124 449
275856 936987 525
346491 373743 410
148365 322227 443
281936 709859 509
452551 151432 449
899228 316437 525
975407 153275 525
276121 901474 525
794395 468858 509
661237 36029 509
573793 908235 525
894428 65818 525
231011 366143 441
639529 335928 509
322404 318776 371
255763 964443 525
854538 114613 525
436840 118606 449
344818 2904 443
670688 235128 509
67917 797369 509
466996 569917 470
987743 43324 525
512183 259470 470
295499 298490 327
206725 689772 509
755590 385644 509
268139 617505 470
469786 502954 426
338082 907669 525
388464 308542 441
939507 110197 525
228804 759355 509
278611 376348 441
