1 10 20
100 200 125
201 210 89
900 1000 174
99999 1000000 525
1 1 1
2 2 2
4 4 3
8 8 4
16 16 5
32 32 6
128 128 8
1024 1024 11
8192 8192 14
131072 131072 18
524288 524288 20
1 2 2
5 10 20
2 10 20
4 10 20
9 10 20
10 10 7
104 210 125
1 210 125
20 210 125
15 210 125
99 210 125
5 5 6
10 10 7
20 20 8
40 40 9
1 53100 340
5 53100 340
20 53100 340
2000 53100 340
10000 53100 340
30000 53100 340
40000 53100 340
53050 53100 172
9 176025 383
50 176025 383
402 176025 383
9283 176025 383
18765 176025 383
90000 176025 383
160000 176025 370
176000 176025 197
200 4648752 597
597 4648752 597
3986 4648752 597
49286 4648752 597
194876 4648752 597
5 1999 182
30 1999 182
298 1999 182
429 1999 182
800 1999 182
3381 9259 262
100 100 26
7 99865 351
31 99865 351
500 99865 351
8210 99865 351
64312 99865 351
11 11 15
22 22 16
44 44 17
200 200 27
33 33 27
66 66 28
132 132 29
20 20 8
40 40 9
13 13 10
26 26 11
52 52 12
17 17 13
34 34 14
19 19 21
38 38 22
21 21 8
42 42 9
84 84 10
9 9 20
18 18 21
1 40 112
9 40 112
10 11 15
20 22 16
1 5 8
175 175 81
350 350 82
700 700 83
233 233 84
600 600 18
1200 1200 19
1000 1200 182
1100 1200 182
5468 32766 308
5468 11111 268
11 1111 179
800 900 179
900 1000 174
1000 1100 169
1100 1200 182
500000 1000000 525
555555 1000000 525
800000 1000000 525
900000 1000000 507
999999 1000000 259
