1 10 20
11 20 21
50 50 25
100 200 125
201 210 89
900 1000 174
1000 900 174
12345 54321 340
99999 100000 227
1 1000000 525
329636 955880 525
369656 784479 509
428953 124781 449
587798 565299 434
333113 748690 509
307662 800090 509
899072 642259 525
369140 235028 441
785511 202303 509
346657 132856 443
527462 813022 509
257216 559740 470
713393 68092 509
339384 380504 441
310672 522901 470
83561 176373 383
5520 864278 525
605014 954784 525
120598 594272 470
23378 314319 443
101259 100972 297
168464 948673 525
575271 885246 525
723990 780614 468
317881 924424 525
48257 894899 525
568863 398292 470
858416 178834 525
288933 251142 407
532307 57412 470
582409 488390 470
640980 924691 525
270402 470473 449
178588 30412 383
508326 776306 509
743386 684284 504
954918 818914 525
511114 529768 470
401677 657147 509
997759 24746 525
838281 118000 525
570513 424092 470
183003 772405 509
182686 724616 509
691857 317744 509
664886 89673 509
240149 86420 443
734247 829484 468
957059 453440 525
41886 950415 525
997129 100161 525
973033 29627 525
816663 249181 509
328324 819386 509
126536 679660 509
699514 783441 504
692852 265480 509
901832 91989 525
37002 62335 340
327460 532179 470
153519 769351 509
781580 123560 509
857337 639465 525
499650 864319 525
280370 715129 509
6514 367107 443
561884 897217 525
769109 802208 468
320413 393484 441
900992 224387 525
319741 850188 525
779715 311260 509
641327 696229 442
345642 125284 443
168610 502780 449
918762 793726 525
229988 235095 443
837552 399867 509
764997 847973 525
980507 701068 525
228187 477143 449
835460 652442 504
981607 788608 525
424951 659199 509
674745 971427 525
62915 229272 386
611622 686816 509
695803 840821 525
491297 38302 449
693204 35503 509
394265 661631 509
51448 252591 443
28189 408072 443
629856 107024 509
423614 762842 509
864203 502245 525
435042 835169 509
244485 324728 407
394399 895091 525
394531 553026 470
372237 521150 470
775689 190744 509
610867 187997 470
792292 115565 509
607017 224351 470
532384 344303 470
53874 410341 449
503997 160661 449
99101 890564 525
760924 811725 468
548759 153121 470
682483 328743 509
629945 359679 509
376434 683144 509
295352 93399 443
515836 633524 509
111503 889523 525
838086 868986 419
431506 595960 470
779973 579209 509
507872 743575 509
733890 943749 525
431554 973982 525
3828 846249 525
106638 463625 449
885151 465991 525
163371 842469 525
532935 346249 470
223829 161558 386
350301 201107 443
109572 907369 525
562076 954845 525
815011 813981 313
881259 26421 525
903313 979530 507
661975 271861 509
265552 513732 470
570270 449830 470
415629 464182 444
641400 215415 509
615365 345535 470
33165 500803 449
831353 109373 509
234879 607257 470
140350 91644 354
599981 259258 470
353538 202535 443
179789 168218 347
117931 434714 449
604799 488998 470
342111 982844 525
834942 96462 509
397195 689902 509
714164 573367 509
652312 722708 504
183988 251430 443
921807 275779 525
224780 579849 470
284802 62306 443
49477 445536 449
445815 27706 449
284161 974580 525
311154 868571 525
181461 749116 509
16003 546166 470
95066 100133 328
677371 109272 509
434294 986776 525
396590 55009 443
471414 427196 444
305768 409204 441
331072 371104 441
979572 3941 525
700259 666052 442
579947 119671 470
670576 361089 509
164751 842394 525
625853 215613 470
139091 823573 509
385421 303952 441
196451 335738 443
824392 31785 509
983454 207303 525
369742 438468 449
700335 430109 509
260796 12991 443
317719 682361 509
477113 71153 449
748070 746107 362
999014 107548 525
749616 748340 393
73706 921159 525
53014 449143 449
468214 161884 449
509705 248286 449
851357 457507 525
291348 694943 509
346224 388755 423
416153 319293 449
961280 455989 525
