1 10 20
100 200 125
201 210 89
900 1000 174
1 1 1
10 1 20
1000000 1000000 153
500 500 111
1000 2000 182
2000 1000 182
2000 3000 217
3000 2000 217
3 4 8
4 3 8
5 10 20
6 10 20
10000 10001 180
512 512 10
13 13 10
500 1000 179
350 300 144
4000 4001 114
100000 200000 383
250 250 110
250 750 171
800 1 171
67 90 116
1234 1235 133
2 1 2
1 2 2
64 64 7
80 80 10
30 40 107
2100 2105 126
999999 999999 259
999999 1000000 259
30 40 107
50 60 113
500 600 137
22 22 16
1000 1001 143
5000 10000 262
10000 5000 262
400 500 142
500 501 111
1500 2500 209
2000 3500 217
15 15 18
90 90 18
1024 1025 37
16 15 18
8 80 116
31 33 107
19 17 21
700 800 171
1 1000 179
80 81 23
64 64 7
345 321 144
900 901 55
70 80 116
6000 6000 50
100000 300000 443
1 11 20
11 13 15
90 200 125
101 200 125
50 50 25
222 333 144
89 91 93
2000 2000 113
12 13 10
7000 7002 32
455 455 41
398 398 121
800 900 179
73 73 116
299 300 118
166 166 112
9999 9999 92
999500 1000000 290
75 75 15
1000 1010 143
890 980 174
111 111 70
1111 1111 32
850 870 148
439 439 54
120 124 109
900 200 179
60 70 108
777 777 34
1300 1300 27
9 8 20
40 40 9
333 335 113
1 50 112
25 1 24
341 341 12
52 52 12
43 43 30
