1 10 20
100 200 125
201 210 89
900 1000 174
1 1 1
1 20 21
42 500 144 
200 100 125
20 1 21
999 1000 112
23 54 113
54 23 113
9 794571 509
729603 542736 509
12 987 179
13889 98784 351
1 4 8
23878 34817 311
6642 4662 262
8758 5802 262
102 411 144
973 927 174
3181 1047 217
9052 2107 262
5959 2160 238
8240 394 262
704 943 179
6138 6036 187
850 694 171
118 12 119
961 867 179
820 346 171
126 57 119
8773 3232 262
114 14 119
157082 667642 509
681 23 145
585419 413642 470
8625 3978 262
5373 1435 238
282404 987491 525
655684 495241 509
370750 160486 443
838 2587 209
4001 1178 238
580 5458 238
964 964 24
8645 3640 262
401484 142546 443
702 838 171
427 42 144
392 15 144
7051 7017 195
877 856 179
909 9 179
623209 317286 470
78568 2415 351
453600 849256 525
483 4952 238
4726 8398 262
8398 8398 66
477 1206 182
743 1230 182
1307 1484 177
4594 4526 184
7 48 112
52 73 116
12 3947 238
938 3 179
1324 30389 308
1 1000 179
1000 2000 182
2000 3000 217
3000 4000 238
4000 5000 215
5000 6000 236
6000 7000 262
7000 8000 252
8000 9000 247
9000 10000 260
10000 11000 268
11000 12000 250
12000 13000 263
13000 14000 276
14000 15000 271
15000 16000 271
16000 17000 266
17000 18000 279
18000 19000 261
19000 20000 274
20000 21000 256
21000 22000 269
22000 23000 269
23000 24000 282
24000 25000 264
25000 26000 264
26000 27000 308
27000 28000 259
28000 29000 259
29000 30000 272
30000 31000 272
31000 32000 285
32000 33000 267
33000 34000 267
34000 35000 311
35000 36000 324
36000 37000 249
37000 38000 306
42000 43000 288
43000 44000 270
44000 45000 270
45000 46000 314
46000 47000 283
47000 48000 314
48000 49000 296
114000 116000 349
116000 118000 305
118000 120000 336
120000 122000 336
122000 124000 331
124000 126000 318
126000 128000 331
138000 140000 313
140000 142000 344
142000 144000 375
160000 162000 370
162000 164000 339
164000 166000 334
166000 168000 352
178000 180000 347
180000 182000 365
182000 184000 334
184000 186000 329
186000 188000 347
196000 198000 298
198000 200000 329
200000 202000 342
428000 424000 374
432000 428000 343
436000 432000 387
480000 476000 382
496000 492000 426
496000 500000 395
500000 504000 426
504000 508000 382
524000 528000 408
528000 532000 377
548000 552000 377
552000 556000 421
556000 560000 346