1 10 20
2 2 2
4 4 3
8 8 4
16 16 5
32 32 6
64 64 7
128 128 8
256 256 9
512 512 10
1024 1024 11
1 1024 179
512 1024 179
10 20 21
50 100 119
20 30 112
40 20 112
100 20 119
1 100 119
1 1000 179
1 10000 262
1 100000 351
1 1000000 525
100 400 144
800 200 171
500 200 144
300 400 144
530 1000 179
808 810 47
801 800 60
400 500 142
500 400 142
700 800 171
700 1000 179
1000 1001 143
1001 1100 169
1000 1000 112
1000 10000 262
1000 100000 351
1000 1000000 525
123123 123124 181
121212 1 354
270270 280000 407
300000 399999 441
400000 499999 449
500000 599999 470
600000 699999 509
700000 799999 504
800000 899999 525
900000 999999 507
200000 300000 443
100000 1000000 525
329109 10 443
898989 900000 295
1000000 1000000 153
480481 480481 413
480481 1000000 525
102930 291092 443
109389 102932 354
408281 109283 443
509320 109283 449
503943 431094 444
1 100000 351
101010 10101 351
390290 109391 443
390424 180812 443
3000 30000 308
30000 300000 443
57575 372093 443
100000 424242 449
100 101 26
545453 1000000 525
473810 550055 470
123456 654321 509
111111 222222 386
333333 444444 449
555555 666666 509
777777 888888 525
999999 1 525
909 9009 262
707071 808081 468
201201 202102 311
1337 7331 262
80085 434343 449
7357 187063 383
42 42 9
1 3 8
3 5 8
5 7 17
131 137 91
137 300 128
111 1111 179
1111 11111 268
6073 10000 262
766667 677776 504
800009 900008 525
666666 777777 504
696969 969696 525
1010 10 179
1000000 1000000 153
1 10 20
150 300 128
1 100 119
