8 8 4
16 16 5
32 32 6
64 64 7
128 128 8
256 256 9
512 512 10
1024 1024 11
2048 2048 12
4096 4096 13
8192 8192 14
16384 16384 15
32768 32768 16
65536 65536 17
131072 131072 18
262144 262144 19
524288 524288 20
1 50 112
50 100 119
100 300 128
10000 10010 180
500000 500100 258
23 50 112
1 1 1
999999 1000000 259
50000 55000 340
1000 2000 182
2000 3000 217
3000 4000 238
4000 5000 215
5000 6000 236
6000 7000 262
7000 8000 252
8000 9000 247
1 2000 182
1 3000 217
1 4000 238
1 5000 238
1 6000 238
1 7000 262
1 8000 262
1 9000 262
1 10000 262
1 11000 268
1 12000 268
1 13000 268
1 14000 276
1 15000 276
1 16000 276
1 17000 276
1 18000 279
1 19000 279
1 20000 279
262566 671523 509
1222 123124 354
98743 77493 338
91820 74027 351
20925 59553 340
2784 42833 324
94643 61452 351
29017 6221 308
87464 79406 333
83960 49062 351
18496 14194 279
30330 53341 340
61660 83660 351
44226 75833 340
91639 31062 351
70597 23515 340
536429 534374 333
775107 77258 509
141248 532295 470
638208 46430 509
952843 528384 525
835016 667335 504
434776 873062 525
987018 233828 525
905428 396586 525
814059 681792 504
257546 814504 509
992636 420341 525
739412 95302 509
197114 2427 383
710090 566625 509
469402 506479 426
437976 445573 400
701066 401599 509
534357 33515 470
149599 228313 386
692920 725137 504
647028 647912 341
876713 880229 401
509087 517130 470
5147 10116 262
525176 534241 408
877327 884929 401
853240 858874 428
348894 350047 366
626551 633186 385
328904 338877 366
19699 22939 274
430894 436903 396
1 1000000 525