1 10 20
100 200 125
201 210 89
900 1000 174
1 999999 525
110507 821364 509
680295 781920 504
734755 372943 509
255043 968328 525
421829 914170 525
331087 285582 389
641977 59355 509
752411 210859 509
69460 208750 383
384276 703282 509
152250 719663 509
612859 328931 470
198987 559062 470
677442 673637 385
871302 834834 525
735089 334134 509
498527 685834 509
855204 854156 419
834300 949879 525
798303 45421 509
477037 746487 509
14347 65047 340
104330 53246 351
390871 257340 441
808544 855567 525
442648 253655 449
788272 213002 509
997291 846664 507
956298 242645 525
577460 911357 525
846236 709129 525
767022 367900 509
781967 421961 509
264847 799148 509
492988 363801 449
352222 380472 423
790857 476842 509
809967 728884 468
618027 427763 470
136888 259757 443
573306 895542 525
631618 500562 509
991216 844864 507
309250 733803 509
160076 102318 383
233499 254619 381
227512 825071 509
546212 378209 470
670059 999155 525
625567 413099 470
522740 856571 525
73607 489507 449
46665 438063 449
481226 343462 449
251453 406154 441
936635 201025 525
691977 41183 509
882729 996649 507
606081 517725 452
595300 240182 470
679841 668548 385
690337 302159 509
632496 414006 509
21900 505695 449
270626 243319 407
405971 282580 441
596622 260293 470
874165 833333 525
334000 680830 509
904375 306192 525
547298 761655 509
419528 501193 444
311027 300534 371
52067 604008 470
565571 248770 470
127034 507056 449
750583 174728 509
608191 427903 470
962651 65607 525
824041 439272 509
941892 586849 525
911102 285839 525
453359 178384 449
40055 445524 449
710539 136658 509
70546 605289 470
416486 871246 525
770877 172138 509
748517 696579 504
299636 413751 449
453703 29022 449
572733 355880 470
83141 653005 509
947353 698162 525
754262 263506 509
118911 846067 525
245263 13529 443
809494 729305 468
2368 102072 351
781003 850636 525
105625 249650 443
954630 462950 525
100360 755286 509
315431 276903 389
773497 746627 468
754649 178598 509
663751 654509 429
487455 413476 444
720123 138142 509
416472 398332 449
544374 699687 509
980928 796209 525
69273 345259 443
49343 406610 443
686547 176944 509
379388 110063 443
710302 654562 504
347880 228531 443
733852 216437 509
302963 13817 443
158683 339613 443
936971 796557 525
663821 576596 509
207340 332094 443
21593 547248 470
840931 525751 525
723717 112895 509
983685 376863 525
88335 849988 525
536429 534374 333
775107 77258 509
141248 532295 470
638208 46430 509
952843 528384 525
835016 667335 504
434776 873062 525
987018 233828 525
905428 396586 525
814059 681792 504
257546 814504 509
992636 420341 525
739412 95302 509
197114 2427 383
710090 566625 509
469402 506479 426
437976 445573 400
701066 401599 509
534357 33515 470
149599 228313 386
692920 725137 504
