1 10 20
100 200 125
201 210 89
900 1000 174
967573 846661 507
526083 720962 509
436661 944344 525
94809 676860 509
142176 105162 354
792116 978633 525
973200 591600 525
661723 906726 525
248859 126345 443
791286 653942 504
303965 86997 443
972336 554767 525
19728 374364 443
160845 992653 525
243621 712484 509
41019 900028 525
370818 812389 509
871424 386210 525
120956 916569 525
709643 526861 509
934327 722494 525
408829 322300 441
6609 823598 509
206422 595788 470
487258 779573 509
899786 669737 525
665670 865793 525
183673 696587 509
697242 300019 509
761852 976107 525
817507 357815 509
602274 898742 525
629589 365317 509
651033 604104 509
123266 334880 443
150156 375382 443
616169 925375 525
7422 996106 525
694069 454765 509
971910 581450 525
38208 515259 470
541030 864471 525
502065 422936 444
25549 620325 470
25525 630873 509
244499 468166 449
534987 735023 509
324156 7251 443
176864 134804 383
749635 216330 509
198425 922144 525
165852 733808 509
903022 319825 525
317579 957787 525
976293 899437 507
866743 627798 525
630370 818470 504
401326 323389 441
859046 543394 525
917116 95913 525
367790 215147 443
197991 903063 525
625634 795948 509
96255 232156 443
468381 353617 449
824157 751458 468
679339 313717 509
520766 323590 470
167451 154209 383
266258 440540 449
482923 271163 449
350474 102984 443
101363 115049 354
304502 289016 371
412091 100036 449
117442 409905 443
578221 565437 390
521156 430405 470
752065 666892 504
161599 549390 470
733351 188179 509
55286 110799 354
786164 433129 509
727513 915075 525
450871 68518 449
718632 122994 509
601489 470437 470
71186 949227 525
933816 38063 525
253134 245110 350
485778 749941 509
777144 380244 509
530338 926171 525
446840 938369 525
732649 454594 509
135835 748490 509
606112 767563 509
554435 275749 470
599152 260408 470
571986 158004 470
350917 961618 525
311669 98304 443
202491 780521 509
907310 995687 507
933169 353055 525
130118 990734 525
440196 264040 449
801602 445453 509
24636 465788 449
448952 128513 449
837418 80823 509
821963 632102 504
801542 867391 525
226849 426768 449
528583 736403 509
531143 544636 408
700590 542762 509
459477 279216 449
657524 833638 504
251932 266539 407
261631 107296 443
620256 24724 470
461177 757883 509
547651 680069 509
136383 893584 525
373112 907513 525
538220 375348 470
392318 88927 443
191255 724588 509
149980 335489 443
210139 783349 509
512169 364402 470
840650 360971 525
312316 475395 449
311205 742112 509
2610 52498 324
693506 66031 509
397729 484001 449
699755 5968 509
651125 777929 504
572192 888446 525
454616 863439 525
326719 876630 525
702379 95967 509
297047 894127 525
326109 924439 525
780318 499344 509
345556 601069 470
264853 937263 525
906369 326939 525
