1 10 20
100 200 125
201 210 89
900 1000 174
1 1 1
2 2 2
5 5 6
10 10 7
9 9 20
97 97 119
1 10 20
6 10 20
1 100 119
51 100 119
1 1000 179
501 1000 179
1 10000 262
5001 10000 262
1 1000000 525
500000 1000000 525
500 1000 179
200 400 144
2 8 17
20 40 112
888 1000 174
888 999 174
1 500 144
250 500 144
505 1000 179
750 1000 179
60 60 20
61 65 108
60 100 119
70 100 119
90 100 119
99 100 26
80 100 119
88 100 119
77 100 119
100 100 26
11 11 15
11 12 15
11 13 15
11 14 18
11 15 18
11 16 18
11 17 18
11 18 21
11 19 21
11 20 21
800 1001 179
800 1000 179
810 1000 179
901 1001 174
901 1000 174
905 1001 174
997 1000 112
998 1000 112
999 1001 143
1001 1001 143
901 901 55
666666 1000000 525
555555 999999 525
66666 999999 525
77777 999999 525
88887 999998 525
40 999999 525
50 999999 525
8 999997 525
500000 999999 525
999999 999999 259
1024 2048 182
4096 16384 276
4 16384 276
65536 524288 470
262144 524288 470
1024 524288 470
32 524288 470
400000 524288 470
200000 524288 470
800005 524288 468
2222 4444 238
4444 2222 238
82 85 111
85 82 111
777775 888889 525
888889 777775 525
25 75 116
75 24 116
123 321 131
321 123 131
1000000 1 525
33333 2222 308
2222 33333 308
200 5454 238
5454 200 238
567 765 171
765 567 171
1122 2211 182
2211 1122 182
999999 1 525
288928 850203 525
834452 250384 470
303654 968837 525
623774 5164 470
978131 29077 525
580970 367896 470
425614 996927 525
166729 88663 383
399570 505454 449
901785 52024 525
