1 10 20
100 200 125
201 210 89
900 1000 174
289383 930886 525
636915 692777 442
238335 747793 509
760492 885386 525
516649 641421 509
202362 490027 449
368690 520059 470
513926 897763 525
180540 383426 443
89172 455736 449
5211 595368 470
702567 956429 525
21530 465782 449
665123 722862 504
174067 703135 509
513929 979802 525
634022 723058 504
133069 898167 525
18456 961393 525
175011 478042 449
176229 377373 443
484421 544919 470
413784 898537 525
575198 594324 434
664370 798315 504
566413 803526 509
393584 695788 509
502651 705403 509
392754 612399 470
95060 999932 525
549676 993368 525
210012 947739 525
636226 698586 442
297539 348094 441
140795 480570 449
651434 960378 525
66601 97467 351
612902 710097 509
570492 573317 372
260756 926652 525
560280 997301 525
209441 724286 509
429689 953865 525
228444 346619 443
558440 744729 509
108117 958031 525
738097 905771 525
834481 890675 525
120709 698927 509
704567 777856 468
179497 872353 525
254586 276965 407
455306 964683 525
28624 406219 443
51528 332871 443
48829 805732 509
409503 530019 470
258270 363368 441
486715 959708 525
226340 518149 470
700723 747796 504
2245 142618 375
278611 376348 441
886 9383 262
2777 6915 262
7793 8335 252
492 5386 238
1421 6649 262
27 2362 183
59 8690 262
3926 7763 262
540 3426 217
5736 9172 262
5211 5368 192
2567 6429 262
1530 5782 238
2862 5123 238
3135 4067 238
3929 9802 262
3058 4022 238
3069 8167 262
1393 8456 262
5011 8042 262
6229 7373 257
4421 4919 197
3784 8537 262
4324 5198 215
4370 8315 262
3526 6413 262
6091 8980 262
1873 9956 262
6862 9170 257
6996 7281 195
925 2305 183
6327 7084 257
336 6505 262
846 1729 182
1313 5857 238
3895 6124 236
545 9582 262
3367 8814 262
364 5434 238
3750 4043 189
1087 6808 262
7178 7276 164
3584 5788 238
2651 5403 238
2399 2754 209
5060 9932 262
3368 9676 262
12 7739 262
6226 8586 257
7539 8094 252
570 795 171
378 1434 182
6601 7467 257
97 2902 209
