1 10 20
100 200 125
201 210 89
900 1000 174
5 5 6
999900 1000000 259
151 952 179
66 67 28
8215 8214 40
9957 9957 43
502951 502951 134
595538 595538 72
941379 941380 202
563372 563373 85
1652 1653 92
206985 206985 205
67283 67283 69
626188 626189 85
106277 106278 80
522899 522898 134
69494 69495 113
690727 690727 124
869252 869252 189
229318 229319 200
703085 703086 181
438552 438553 175
402761 402762 118
799146 799149 194
668803 668807 111
35643 35652 174
542792 542797 116
357319 357321 180
350986 350986 198
764038 764041 212
456047 456053 157
574645 574655 284
390554 390560 206
394731 394733 193
676954 676955 186
210634 210636 143
20617 20620 212
194532 194533 68
60117 60125 211
224351 224357 94
245237 245239 195
791960 791961 124
44965 44972 208
266664 266672 231
512487 512500 214
533530 533615 320
129164 129215 287
870504 870507 158
910118 910120 233
301678 301644 265
755975 756044 318
425999 426024 219
267203 267281 239
108823 108910 186
574870 574912 222
184325 184328 254
944384 944409 264
533368 533468 377
429793 429834 219
973378 973473 202
464419 464477 338
32223 32291 192
305428 306389 278
52888 52958 278
355325 355646 379
228587 229094 275
598039 598275 341
243241 243753 319
690940 691029 336
75366 76033 294
564948 565842 328
105392 106261 354
975255 975391 228
342284 343242 353
296395 297384 327
14799 15790 271
722166 721933 318
710281 711233 380
174332 174928 303
622121 622234 310
638859 639228 323
698871 699296 305
69994 70299 281
363933 367871 361
121339 130520 344
162257 165043 339
506636 509436 382
871669 876068 432
656597 665144 429
196665 201754 342
647028 647912 341
876713 880229 401
509087 517130 470
5147 10116 262
525176 534241 408
877327 884929 401
853240 858874 428
348894 350047 366
626551 633186 385
328904 338877 366
19699 22939 274
430894 436903 396
1 1000000 525
