664011 704628 504
747896 748949 318
873864 957832 507
869682 949211 507
845404 938538 476
833377 839306 525
792749 859800 525
134066 433822 449
438397 745807 509
717474 868830 525
223551 955005 525
175710 486785 449
262327 329311 407
998801 999594 396
161886 537237 470
164979 550406 470
202338 623476 470
522712 996277 525
474897 791075 509
884627 967665 507
234293 804765 509
894506 955548 507
1523 870136 525
923297 989792 507
292025 331759 384
334682 477644 449
624491 658818 509
575132 883680 525
926181 963282 507
802256 847487 525
473139 608007 470
262828 296446 407
733843 990596 525
794805 951717 525
554576 728734 509
868516 923183 476
739731 890526 525
522 8003 262
246 443 144
1527 34746 311
806 46957 324
1247 3316 217
2280 22360 279
2421 49074 324
1094 7066 262
1993 3836 238
154 22966 279
367 45821 324
445 44657 324
2307 41544 324
1576 33864 308
238 27993 308
1506 14249 276
290 46777 324
2077 30541 308
768 34958 311
1256 44871 324
2049 41019 324
69 5947 238
2160 14068 276
656 10620 262
1781 16488 276
1510 24640 282
1456 4738 238
1670 13748 276
2034 40295 324
2308 22150 279
817 17904 279
1400 46504 324
677 43727 324
2141 25860 282
888 15351 276
1413 31351 308
1669 17113 276
596 39489 324
2229 6160 238
2442 43488 324
327 35204 311
662 27303 308
1742 26885 308
1079 14616 276
2296 47198 324
1631 39528 324
1343 34672 311
1349 8860 262
107 11095 268
147 29747 308
612 7581 262
2306 35187 311
1753 8386 262
1263 1797 180
2228 39370 324
1726 9392 262
95 25488 282
478 44677 324
144 23834 282
318 2262 183
2261 35697 324
1391 13742 276
2479 31392 308
819 22257 279
424 2366 183
759 48765 324
2032 2606 209
806 48938 324
2136 3245 217
267 33297 308
913 19912 279
1740 29383 308
2398 42846 324
686 33745 308
1703 11979 268
1374 40026 324
2140 45711 324
1219 11919 268
1555 23774 282
500 36508 324
1722 13299 276
1082 40198 324
1 6394 262
1898 37776 324
2324 48088 324
1516 49335 324
1849 22735 279
1455 30975 308
1296 41217 324
411 15018 276
2173 20013 279
108 43484 324
1000 12728 268
2313 37520 324
1395 42878 324
1740 14987 276
2242 11142 268
1814 15168 276
2290 47970 324
1370 38879 324
1851 27717 308
1550 9077 262
231 24314 282
2142 5907 238
97 46842 324
880 34280 311
722 6046 238
1720 36926 324
74 14435 276
1866 18685 279
1200 21994 279
1359 5935 238
2056 9326 262
2254 12914 268
392 7430 262
1661 8021 262
597 23197 279
1999 15515 276
1881 3224 217
340 32483 308
1167 10002 262
1655 24909 282
2214 48433 324
2248 25381 282
534 34335 311
203 16296 276
1296 33167 308
1655 3731 238
232 27798 308
1220 34352 311
2050 42486 324
327 11067 268
452 27684 308
733 39966 324
2020 49508 324
889 21396 279
2408 31905 308
19 20436 279
1387 9546 262
2189 24075 282
701 45575 324
996 28333 308
1583 11780 268
360 41935 324
2412 24888 282
1562 26538 282
1431 27131 308
170 23701 282
2206 37448 324
1910 14745 276
1789 8515 262
1043 49453 324
888 32379 308
717 2756 209
767 24857 282
591 10005 262
1605 22587 279
98 35951 324
297 47369 324
594 39643 324
895 14920 276
