1 10 20
10 1 20
100 200 125
200 100 125
900 1000 174
1 1000 179
999 1001 143
1 14000 276
1 15000 276
1 16000 276
1 17000 276
103523 24320 351
24230 34100 308
201 215430 383
53312 604 340
6034 55512 340
1002 1003 112
999 2999 217
832 835343 509
515085 985208 525
300660 660953 509
544957 120303 470
338891 424830 449
114463 23424 354
469026 839152 525
287565 426179 449
35002 921154 525
616709 357945 470
515669 571491 452
484492 243042 449
807987 522503 509
282327 531729 470
378840 542612 470
544303 833169 509
817709 97157 509
129560 570933 470
1652 1653 92
206985 206985 205
67283 67283 69
626188 626189 85
106277 106278 80
522899 522898 134
69494 69495 113
690727 690727 124
869252 869252 189
643184 157985 509
364589 989055 525
852810 179297 525
122756 692347 509
776222 166333 509
938200 631228 525
267819 904841 525
105047 373827 443
945056 406658 525
377201 983440 525
33520 238923 443
399802 676252 509
454711 887001 525
582589 915332 525
8999 12999 268
14999 16001 271
503278 790199 509
573565 679561 509
47829 129121 354
532018 851185 525
223818 643626 509
250767 595944 470
94130 992965 525
71084 221951 386
560289 608556 434
255938 870904 525
297452 434303 449
582275 680450 509
532677 245803 470
377663 851218 525
890165 495311 525
50124 335322 443
983153 927399 507
810039 473390 509
690337 302159 509
632496 414006 509
21900 505695 449
270626 243319 407
405971 282580 441
596622 260293 470
1 999999 525
328324 819386 509
126536 679660 509
699514 783441 504
692852 265480 509
570513 424092 470
183003 772405 509
182686 724616 509
691857 317744 509
664886 89673 509
515836 633524 509
111503 889523 525
838086 868986 419
95066 100133 328
677371 109272 509
434294 986776 525
396590 55009 443
471414 427196 444
38208 515259 470
541030 864471 525
502065 422936 444
25549 620325 470
25525 630873 509
679339 313717 509
520766 323590 470
167451 154209 383
454616 863439 525
326719 876630 525
702379 95967 509
297047 894127 525
600000 699999 509
700000 799999 504
800000 899999 525
900000 999999 507
766667 677776 504
