855693 1000000 507
1 1000000 525
259873 1000 443
1000000 1000 525
999999 1000000 259
100 100 26
1000000 1000000 153
578 2839 209
999999 1 525
899 900 117
1 2 2
9 10 20
2 1 2
2 3 8
573829 91892 470
747291 923103 525
42 442 144
444 444 72
19 19 21
122222 129412 331
132 1932 182
1592 10344 262
133 1223 182
42 583 144
193 481 144
891 1281 182
83718 183122 383
222381 222382 143
8912 8913 48
32121 32120 254
23812 21920 282
38294 48212 314
3 9 20
2 1 2
893 912 117
898 898 117
190 191 107
381022 313324 441
238139 899131 525
1922 1923 51
28912 21981 308
39123 33121 324
3212 3212 23
48292 182910 383
483193 238193 449
33122 12394 308
32358 84213 351
484 841 171
41 89 116
31 93 116
8412 8410 97
84201 3941 351
4910 3941 215
4819 2923 238
48194 419321 449
4 3 8
4 1 8
481 921 179
34 483 144
482 91 144
4291 9312 262
93 91 93
841 482 171
49 21 112
44 81 116
912 391 179
4910 4810 179
9124 3123 262
8912 9134 247
8319 2192 262
9348 21289 279
391 921 179
843 481 171
412 481 134
491 921 179
902 1111 174
39120 39102 156
10293 91203 351
9312 8291 260
92292 93884 315
6 7 17
9 9 20
9 10 20
33 99 119
12 92 116
31 83 116
15968 12956 276
821 829 135
98 29 119
219 851 171
581 841 171
952 831 179
413 912 179
248 912 179
999999 999999 259
899999 899999 225
899999 1000000 507
599999 599999 227
600 500 137
1 1 1
2 2 2
90 99 119
2913 9401 262
9492 9120 260
1213 8842 262
1934 8313 262
9881 9123 260
4234 8912 262
7777 7777 84
7777 8888 252
256 1024 179
512 1024 179
512 512 10
