1 10 20
100 200 125
201 210 89
900 1000 174
1 1 1
1 2 2
1 3 8
1 4 8
1 5 8
1 6 9
1 7 17
1 8 17
1 9 20
1000000 1000000 153
100000 100001 129
478462 478463 183
10 1 20
34235 423423 449
8792 2342 262
62345 135534 354
909238 234 525
2342 357356 443
872234 198357 525
387 3753 238
69403 2347 340
9109 5 262
981983 2342 525
938 234 179
9499 120948 354
42 42 9
666 69 145
420 1776 182
1995 2000 113
85932 42398 351
596039 2349 470
27238 892832 525
804 98971 351
1122 2233 183
3344 4455 238
5566 6677 262
7788 9910 260
9809 12312 268
12312 8797 268
100 500 144
200 1000 179
300 10000 262
400 100000 351
500 1000000 525
999 1000 112
333 444 134
890 5839 238
654 456 145
456 654 145
908 1543 182
987923 324342 525
12345 54321 340
555555 666666 509
675309 23423 509
2048 2205 170
151 690459 509
2049 2050 157
77778 34023 351
4985 123541 354
985 315135 443
989 234 179
1 1 1
90 13412 276
5345 2342 238
564575 12314 470
12312 123123 354
99999 444444 449
888888 127274 525
444444 22222 449
1111 555555 470
88 33 116
88888 66666 351
11111 999999 525
33333 555555 470
222 44 125
99999 99990 227
8797 8295 234
8698 540964 470
48294 2385 324
928 2342 183
923485 728347 525
84924 382934 443
798 24432 282
88888 191919 383
737373 818181 468
737373 565656 509
727 92929 351
424242 53535 449
74 5252 238
99696 62626 351
989898 64649 525
82740 904727 525
723840 232 509
2859 234 209
698 2983 217
2874 2834 173
958403 989 525
