1 10 20
100 200 125
201 210 89
900 1000 174
533 812 171
783 9367 262
347 6709 262
348 5978 238
782 1104 179
420 624 142
791 8971 262
64 6880 262
216 9142 262
741 3382 217
478 2346 183
724 5052 238
855 3013 217
514 9754 262
296 2888 209
624 7261 262
418 7187 262
620 6896 262
954 8412 262
347 1454 182
638 4158 238
882 4317 238
231 8141 262
847 7292 262
162 8540 262
387 2078 182
28 7101 262
281 2264 183
40 8810 262
377 4160 238
3482 58065 340
7838 59420 340
452 98190 351
167 52618 340
5941 48856 324
6205 89890 351
3448 6682 262
6046 42322 324
7963 51988 324
4145 53131 340
2654 97445 351
517 19859 279
6642 55225 340
3882 83142 351
1584 4390 238
6845 61073 340
5826 39705 324
8102 30940 308
6221 17890 279
6948 75811 340
9343 88113 351
886 46329 324
5822 43257 324
8010 24284 282
3768 39027 324
2042 59424 340
9852 96183 351
9367 83070 351
9532 45523 324
4221 23627 282
10830 326886 443
3421 384751 443
16538 489846 449
47538 233695 443
74006 221492 386
21858 378011 443
38782 618460 470
66087 881967 525
73621 358940 443
97855 924649 525
25308 511493 449
53986 915853 525
70314 201854 383
13118 545122 470
88528 92730 333
18334 969311 525
81416 795034 509
64639 467359 449
11220 25024 282
15463 109511 354
1203 736271 509
64780 783584 509
3423 825844 509
67019 304929 443
10166 985856 525
15635 392968 443
57928 920039 525
63008 602753 470
48688 539418 470
39300 564764 470
92249 95527 328
45953 55396 340
55529 93940 351
70703 95675 351
89960 98806 333
95308 98336 297
96498 97362 266
44629 66957 340
79300 99523 333
56255 81080 351
33704 47804 324
33580 85953 351
11929 45517 324
82033 93333 333
10791 97046 351
18111 64267 340
29724 94966 351
83943 87291 333
54525 90392 351
96283 97069 297
32513 78524 351
8164 55931 340
18141 34114 308
63879 92968 351
84633 94992 333
83523 94454 333
16832 80289 351
22015 88057 351
23197 50234 324
9355 25624 282
307775 840438 525
937852 937949 277
559792 566262 421
776060 990887 525
760938 775633 468
565991 871736 525
617810 915457 525
483004 794354 509
691031 942293 525
218288 889334 525
311977 901372 525
225345 668852 509
343093 397836 441
184218 264366 443
106545 269051 443
821198 955556 525
314716 541187 470
621152 750976 509
376134 792835 509
900263 923451 476
21668 313667 443
168921 673707 509
798392 926336 525
707625 841441 525
612309 973113 525
803208 862496 525
166139 322818 443
148341 184257 383
834702 871694 525
494181 736458 509
