1 10 20
100 200 125
201 210 89
900 1000 174
5282 288361 443
106308 368632 443
398325 854920 525
248980 798813 509
447507 875166 525
332322 813068 509
44160 855263 525
128942 751529 509
284728 882288 525
47424 223252 386
218937 408113 443
517794 999871 525
438294 782531 509
529635 882358 525
123122 901760 525
501502 781689 509
169266 369219 443
117415 846311 525
20935 25700 282
497534 555469 470
124997 983472 525
681580 720925 504
3807 787779 509
763079 947630 525
449238 861676 525
123556 930832 525
308710 401964 441
253128 771202 509
586974 745973 509
92213 840999 525
490534 902383 525
420234 786309 509
86536 939318 525
336470 830012 509
332086 906204 525
157782 837153 509
94182 716802 509
503278 790199 509
573565 679561 509
47829 129121 354
532018 851185 525
223818 643626 509
250767 595944 470
94130 992965 525
583491 647501 509
306186 813792 509
512636 513783 333
854638 886215 432
201530 945433 525
428420 698127 509
167117 227298 386
437223 634381 509
434499 899223 525
276218 306493 389
849527 882055 432
530457 574601 452
359900 473242 449
185919 200698 360
500315 952738 525
141298 167634 383
7793 313291 443
696159 763792 504
71084 221951 386
560289 608556 434
255938 870904 525
297452 434303 449
582275 680450 509
671336 896572 525
818105 857113 525
561047 572478 421
16452 17909 279
621956 779441 509
346941 757259 509
120065 531938 470
917096 981251 507
802184 829696 450
348385 389923 436
805522 837197 450
98718 400569 443
831263 945655 525
728812 788328 468
302562 986079 525
585523 593057 403
10913 556351 470
63597 176758 383
442257 975733 525
181220 245194 443
911064 913242 401
492586 755974 509
361998 715845 509
249234 347790 441
530229 565227 452
60890 571484 470
124904 831151 509
37048 365099 443
385069 673507 509
454711 887001 525
582589 915332 525
43620 161848 383
671847 677105 385
