1 1000000 525
1 10 20
3001 3999 238
100 1200 182
200 2020 182
99999 100001 227
4000 3000 238
1337 9001 262
123456 123456 62
377952 203289 443
696275 242549 509
604854 408093 470
992306 257727 525
808347 880755 525
52675 961765 525
451815 305850 449
70957 9507 340
132859 947079 525
646153 709862 504
856633 143497 525
210664 788516 509
753138 301598 509
782240 737762 468
996208 127857 525
813374 110287 509
399773 163736 443
966090 663018 525
473991 80370 449
448905 401001 449
593968 69717 470
233529 716930 509
332212 698923 509
643184 157985 509
364589 989055 525
852810 179297 525
122756 692347 509
776222 166333 509
938200 631228 525
267819 904841 525
105047 373827 443
945056 406658 525
961323 652163 525
489821 483923 382
147640 950224 525
121459 884438 525
985054 223152 525
285645 543988 470
682240 764120 504
325083 54457 443
824909 408390 509
428494 208184 449
133923 787546 509
132810 650872 509
536778 722005 509
809109 51123 509
441440 692988 509
721069 727034 411
391007 520985 470
120343 850617 525
13331 540549 470
972648 946532 458
650954 799583 504
485145 91199 449
370809 912014 525
433288 296944 449
277842 66735 443
186986 430176 449
218274 512661 470
224818 514593 470
110793 5267 354
199567 226300 386
91762 817423 509
621646 765124 509
309033 355866 441
749030 150423 509
944368 362943 525
663510 879130 525
342018 603912 470
226114 1442 386
133679 985900 525
190104 132913 383
863036 928772 476
248184 609614 470
416836 147701 449
524444 586366 452
69265 709486 509
44792 802578 509
828795 509742 509
697555 665926 442
978555 237468 525
495972 427889 444
544245 941939 525
281761 378156 441
473225 437771 444
659835 310767 509
198545 211273 373
735674 106156 509
89972 749838 509
506134 325483 449
749706 236244 509
714814 988171 525
452344 824802 509
801202 943600 525
822774 691321 504
372160 603498 470
855701 63484 525
654419 227066 509
379031 35533 443
175072 161776 352
301039 602898 470
359854 366956 410
938374 251199 525
895435 595284 525
683396 948121 525
405221 370402 436
749952 784826 468
916395 600009 525
187209 585447 470
791714 778036 437
539023 782586 509
458501 706630 509
431484 884370 525
192430 370549 443
780931 152220 509
204167 804983 509
318471 110918 443
373317 133299 443
677933 382213 509
52541 896972 525
532200 334806 470
409129 763996 509
801247 246825 509
259645 212275 443
882730 667591 525
612883 657045 509
291707 386523 441
377201 983440 525
33520 238923 443
399802 676252 509
701850 47122 509
347865 731965 509
177054 151782 383
878515 638439 525
881951 599492 525
504928 810682 509
13385 983879 525
640433 524056 509
992881 899496 507
141986 212025 383
200766 261758 443
819024 318035 509
979752 167985 525
441252 616089 470
188402 687682 509
310871 966474 525
700033 274655 509
483732 318735 449
843312 653443 525
