1 1 1
1 2 2
2 1 2
57 58 33
58 57 33
999999 1000000 259
1000000 999999 259
1 1000000 525
1000000 1 525
28 28 19
83782 83782 90
880569 966119 507
459669 908076 525
881016 973198 507
380058 569188 470
371866 833770 509
160792 303228 443
802270 463078 509
273744 688642 509
390611 613533 470
872588 1035 525
302598 711796 509
851294 746814 525
193606 512687 470
531438 927373 525
655854 183932 509
80128 128594 354
886116 489979 525
251388 343615 407
78275 324476 443
299985 281464 389
133305 340735 443
181898 763692 509
898301 147928 525
839467 337331 525
257972 493930 449
873855 400583 525
605746 210260 470
970427 537484 525
616941 235793 470
238005 1028 443
195989 658186 509
952529 57091 525
433220 82971 449
242894 452876 449
357591 247428 441
164944 497718 449
611567 75876 470
953906 826892 525
948237 807965 525
869139 642968 525
315635 61970 443
51143 134058 354
344268 36025 443
372569 500407 449
831580 725371 468
924953 818682 525
962978 60142 525
620687 310021 470
607849 436115 470
897327 22201 525
559245 220774 470
172434 427625 449
941447 455927 525
666631 990620 525
867186 332484 525
202698 665570 509
415426 893590 525
240611 624497 470
711 989290 525
726661 528351 509
804047 911075 525
453721 753085 509
721904 133403 509
39568 745491 509
970190 674421 525
292043 305795 371
893858 306638 525
127603 196514 383
408632 856453 525
621510 190848 470
292498 788943 509
747158 735863 424
528944 933665 525
479655 72780 449
880078 491883 525
962665 568117 525
161527 914652 525
592962 973205 525
469670 855252 525
611688 127182 470
468178 244564 449
229529 972369 525
539151 924259 525
814731 352063 509
512586 308029 470
141877 612539 470
443168 441942 356
689092 497098 509
746706 675985 504
473243 586925 470
633325 581635 509
763143 629299 504
700727 783951 504
111266 255475 443
470907 493079 426
727151 174047 509
84540 272006 443
204798 359668 443
856522 242061 525
369533 652360 509
628501 626635 341
185230 817250 509
593172 115766 470
488696 609921 470
692310 665294 442
986579 665619 525
706209 386828 509
564468 154452 470
681516 331204 509
116222 218031 386
482476 587465 470
10278 524056 470
421836 943027 525
405613 412405 449
508158 986771 525
832752 450890 509
204182 319615 443
623902 500169 470
798547 786857 468
377707 240687 441
